Build started 5/31/2016 6:15:16 PM.
     1>Project "C:\Users\Doan Minh Tuan\Desktop\1560572_1560633\GameSudoku\GameSudoku.vcxproj" on node 2 (build target(s)).
     1>PrepareForBuild:
         Creating directory "C:\Users\Doan Minh Tuan\Desktop\1560572_1560633\Release\".
       InitializeBuildStatus:
         Creating "Release\GameSudoku.unsuccessfulbuild" because "AlwaysCreate" was specified.
       ClCompile:
         All outputs are up-to-date.
       Link:
         C:\Program Files (x86)\Microsoft Visual Studio 10.0\VC\bin\link.exe /ERRORREPORT:PROMPT /OUT:"C:\Users\Doan Minh Tuan\Desktop\1560572_1560633\Release\GameSudoku.exe" /INCREMENTAL:NO /NOLOGO kernel32.lib user32.lib gdi32.lib winspool.lib comdlg32.lib advapi32.lib shell32.lib ole32.lib oleaut32.lib uuid.lib odbc32.lib odbccp32.lib /MANIFEST /ManifestFile:"Release\GameSudoku.exe.intermediate.manifest" /MANIFESTUAC:"level='asInvoker' uiAccess='false'" /DEBUG /PDB:"C:\Users\Doan Minh Tuan\Desktop\1560572_1560633\Release\GameSudoku.pdb" /SUBSYSTEM:CONSOLE /OPT:REF /OPT:ICF /LTCG /TLBID:1 /DYNAMICBASE /NXCOMPAT /IMPLIB:"C:\Users\Doan Minh Tuan\Desktop\1560572_1560633\Release\GameSudoku.lib" /MACHINE:X86 Release\Main.obj
         Release\Sudoku.obj
         Generating code
     1>c:\users\doan minh tuan\desktop\1560572_1560633\gamesudoku\sudoku.cpp(310): warning C4715: 'TimViTriDungDeQuy' : not all control paths return a value
         Finished generating code
         GameSudoku.vcxproj -> C:\Users\Doan Minh Tuan\Desktop\1560572_1560633\Release\GameSudoku.exe
       Manifest:
         C:\Program Files (x86)\Microsoft SDKs\Windows\v7.0A\bin\mt.exe /nologo /verbose /outputresource:"C:\Users\Doan Minh Tuan\Desktop\1560572_1560633\Release\GameSudoku.exe;#1" /manifest Release\GameSudoku.exe.intermediate.manifest
       FinalizeBuildStatus:
         Deleting file "Release\GameSudoku.unsuccessfulbuild".
         Touching "Release\GameSudoku.lastbuildstate".
     1>Done Building Project "C:\Users\Doan Minh Tuan\Desktop\1560572_1560633\GameSudoku\GameSudoku.vcxproj" (build target(s)).

Build succeeded.

Time Elapsed 00:00:01.10
